kiet.edu
2
2
2
2
2
2
kiet.edu
2
2
2
2
2
2
2
2
kiet.edu
2
2
2
2
2
2
2
2
kiet.edu
2
2
2
2
2
2
kiet.edu
2
2
2
2
2
2
kiet.edu
2
2
2
2
2
2
31
mcbc
23
mcbc
21
mcbc
32
mcbc
2
2
2
2
2
2
2
2
2
2
2
2
2
2
2
2
2
2
2
2
2
2
2
2
2
2
2
2
2
2
2
2
2
2
2
2
2
2
2
2
2
2
2
2
2
2
2
2
2
2
2
2
2
2
34
mcbc
2
2
2
2
2
2
2
2
2
2
2
2
2
2
2
2
2
2
2
2
2
2
2
2
2
2
2
20
mcbc
2
2
2
2
2
2
2
2
2
2
2
2
2
2
2
2
2
2
2
2
2
2
2
2
2
2
2
37
mcbc
2
2
2
2
2
2
2
2
2
2
2
2
2
2
2
2
2
2
2
2
2
2
2
2
2
2
2
31
mcbc
I, [2018-02-03T12:05:21.550609 #20263]  INFO -- omniauth: (google_oauth2) Request phase initiated.
I, [2018-02-03T12:05:22.264589 #20260]  INFO -- omniauth: (google_oauth2) Request phase initiated.
I, [2018-02-03T12:05:55.581057 #20260]  INFO -- omniauth: (google_oauth2) Request phase initiated.
I, [2018-02-03T12:05:56.387423 #20260]  INFO -- omniauth: (google_oauth2) Request phase initiated.
18
mcbc
33
mcbc
25
mcbc
17
mcbc
I, [2018-02-03T12:15:22.471573 #20559]  INFO -- omniauth: (google_oauth2) Request phase initiated.
I, [2018-02-03T12:15:24.145154 #20561]  INFO -- omniauth: (google_oauth2) Request phase initiated.
39
mcbc
15
mcbc
2
2
2
2
2
2
2
2
2
2
2
2
2
2
2
2
2
2
2
2
2
2
2
2
2
2
2
13
mcbc
33
mcbc
I, [2018-02-03T12:32:26.340181 #20561]  INFO -- omniauth: (google_oauth2) Request phase initiated.
2
2
2
2
2
2
2
2
2
2
2
2
2
2
2
2
2
2
2
2
2
2
2
2
2
2
2
2
2
2
2
2
2
2
2
2
2
2
2
2
2
2
2
2
2
2
2
2
23
mcbc
2
2
2
2
2
2
2
2
2
2
2
2
2
2
2
2
2
2
2
2
2
15
mcbc
